  Source.cpp
C:\Users\yenes\source\repos\Project_ERD\Source.cpp(23,1): warning C4305: 'initializing': truncation from 'double' to 'GLfloat'
C:\Users\yenes\source\repos\Project_ERD\Source.cpp(29,1): warning C4305: 'initializing': truncation from 'double' to 'GLfloat'
C:\Users\yenes\source\repos\Project_ERD\Source.cpp(69,17): warning C4305: 'initializing': truncation from 'double' to 'float'
C:\Users\yenes\source\repos\Project_ERD\Source.cpp(97,14): warning C4305: '+=': truncation from 'double' to 'float'
C:\Users\yenes\source\repos\Project_ERD\Source.cpp(98,14): warning C4305: '-=': truncation from 'double' to 'float'
C:\Users\yenes\source\repos\Project_ERD\Source.cpp(100,15): warning C4305: '+=': truncation from 'double' to 'float'
C:\Users\yenes\source\repos\Project_ERD\Source.cpp(101,15): warning C4305: '+=': truncation from 'double' to 'float'
C:\Users\yenes\source\repos\Project_ERD\Source.cpp(106,14): warning C4305: '+=': truncation from 'double' to 'float'
C:\Users\yenes\source\repos\Project_ERD\Source.cpp(107,15): warning C4305: '+=': truncation from 'double' to 'float'
C:\Users\yenes\source\repos\Project_ERD\Source.cpp(114,14): warning C4305: '=': truncation from 'double' to 'float'
C:\Users\yenes\source\repos\Project_ERD\Source.cpp(127,14): warning C4305: '+=': truncation from 'double' to 'float'
C:\Users\yenes\source\repos\Project_ERD\Source.cpp(128,14): warning C4305: '+=': truncation from 'double' to 'float'
C:\Users\yenes\source\repos\Project_ERD\Source.cpp(133,13): warning C4305: '+=': truncation from 'double' to 'float'
C:\Users\yenes\source\repos\Project_ERD\Source.cpp(134,14): warning C4305: '+=': truncation from 'double' to 'float'
C:\Users\yenes\source\repos\Project_ERD\Source.cpp(150,49): warning C4305: 'initializing': truncation from 'double' to 'GLfloat'
C:\Users\yenes\source\repos\Project_ERD\Source.cpp(188,24): warning C4305: 'argument': truncation from 'double' to 'GLfloat'
C:\Users\yenes\source\repos\Project_ERD\Source.cpp(237,19): warning C4305: 'argument': truncation from 'double' to 'GLfloat'
C:\Users\yenes\source\repos\Project_ERD\Source.cpp(240,22): warning C4305: 'argument': truncation from 'double' to 'GLfloat'
C:\Users\yenes\source\repos\Project_ERD\Source.cpp(246,21): warning C4305: 'argument': truncation from 'double' to 'GLfloat'
C:\Users\yenes\source\repos\Project_ERD\Source.cpp(249,22): warning C4305: 'argument': truncation from 'double' to 'GLfloat'
C:\Users\yenes\source\repos\Project_ERD\Source.cpp(254,22): warning C4305: 'argument': truncation from 'double' to 'GLfloat'
C:\Users\yenes\source\repos\Project_ERD\Source.cpp(255,23): warning C4305: 'argument': truncation from 'double' to 'GLfloat'
C:\Users\yenes\source\repos\Project_ERD\Source.cpp(256,23): warning C4305: 'argument': truncation from 'double' to 'GLfloat'
C:\Users\yenes\source\repos\Project_ERD\Source.cpp(257,20): warning C4305: 'argument': truncation from 'double' to 'GLfloat'
C:\Users\yenes\source\repos\Project_ERD\Source.cpp(262,20): warning C4305: 'argument': truncation from 'double' to 'GLfloat'
C:\Users\yenes\source\repos\Project_ERD\Source.cpp(263,23): warning C4305: 'argument': truncation from 'double' to 'GLfloat'
C:\Users\yenes\source\repos\Project_ERD\Source.cpp(264,23): warning C4305: 'argument': truncation from 'double' to 'GLfloat'
C:\Users\yenes\source\repos\Project_ERD\Source.cpp(265,22): warning C4305: 'argument': truncation from 'double' to 'GLfloat'
C:\Users\yenes\source\repos\Project_ERD\Source.cpp(269,22): warning C4305: 'argument': truncation from 'double' to 'GLfloat'
C:\Users\yenes\source\repos\Project_ERD\Source.cpp(270,23): warning C4305: 'argument': truncation from 'double' to 'GLfloat'
C:\Users\yenes\source\repos\Project_ERD\Source.cpp(271,23): warning C4305: 'argument': truncation from 'double' to 'GLfloat'
C:\Users\yenes\source\repos\Project_ERD\Source.cpp(272,22): warning C4305: 'argument': truncation from 'double' to 'GLfloat'
C:\Users\yenes\source\repos\Project_ERD\Source.cpp(275,22): warning C4305: 'argument': truncation from 'double' to 'GLfloat'
C:\Users\yenes\source\repos\Project_ERD\Source.cpp(276,23): warning C4305: 'argument': truncation from 'double' to 'GLfloat'
C:\Users\yenes\source\repos\Project_ERD\Source.cpp(277,23): warning C4305: 'argument': truncation from 'double' to 'GLfloat'
C:\Users\yenes\source\repos\Project_ERD\Source.cpp(286,23): warning C4305: 'argument': truncation from 'double' to 'GLfloat'
C:\Users\yenes\source\repos\Project_ERD\Source.cpp(288,21): warning C4305: 'argument': truncation from 'double' to 'GLfloat'
C:\Users\yenes\source\repos\Project_ERD\Source.cpp(289,21): warning C4305: 'argument': truncation from 'double' to 'GLfloat'
C:\Users\yenes\source\repos\Project_ERD\Source.cpp(293,21): warning C4305: 'argument': truncation from 'double' to 'GLfloat'
C:\Users\yenes\source\repos\Project_ERD\Source.cpp(294,21): warning C4305: 'argument': truncation from 'double' to 'GLfloat'
C:\Users\yenes\source\repos\Project_ERD\Source.cpp(295,21): warning C4305: 'argument': truncation from 'double' to 'GLfloat'
C:\Users\yenes\source\repos\Project_ERD\Source.cpp(296,23): warning C4305: 'argument': truncation from 'double' to 'GLfloat'
C:\Users\yenes\source\repos\Project_ERD\Source.cpp(300,21): warning C4305: 'argument': truncation from 'double' to 'GLfloat'
C:\Users\yenes\source\repos\Project_ERD\Source.cpp(301,21): warning C4305: 'argument': truncation from 'double' to 'GLfloat'
C:\Users\yenes\source\repos\Project_ERD\Source.cpp(303,23): warning C4305: 'argument': truncation from 'double' to 'GLfloat'
C:\Users\yenes\source\repos\Project_ERD\Source.cpp(306,23): warning C4305: 'argument': truncation from 'double' to 'GLfloat'
C:\Users\yenes\source\repos\Project_ERD\Source.cpp(308,20): warning C4305: 'argument': truncation from 'double' to 'GLfloat'
C:\Users\yenes\source\repos\Project_ERD\Source.cpp(309,23): warning C4305: 'argument': truncation from 'double' to 'GLfloat'
C:\Users\yenes\source\repos\Project_ERD\Source.cpp(312,23): warning C4305: 'argument': truncation from 'double' to 'GLfloat'
C:\Users\yenes\source\repos\Project_ERD\Source.cpp(313,21): warning C4305: 'argument': truncation from 'double' to 'GLfloat'
C:\Users\yenes\source\repos\Project_ERD\Source.cpp(314,23): warning C4305: 'argument': truncation from 'double' to 'GLfloat'
C:\Users\yenes\source\repos\Project_ERD\Source.cpp(315,23): warning C4305: 'argument': truncation from 'double' to 'GLfloat'
C:\Users\yenes\source\repos\Project_ERD\Source.cpp(319,23): warning C4305: 'argument': truncation from 'double' to 'GLfloat'
C:\Users\yenes\source\repos\Project_ERD\Source.cpp(320,23): warning C4305: 'argument': truncation from 'double' to 'GLfloat'
C:\Users\yenes\source\repos\Project_ERD\Source.cpp(321,23): warning C4305: 'argument': truncation from 'double' to 'GLfloat'
C:\Users\yenes\source\repos\Project_ERD\Source.cpp(322,23): warning C4305: 'argument': truncation from 'double' to 'GLfloat'
C:\Users\yenes\source\repos\Project_ERD\Source.cpp(330,23): warning C4305: 'argument': truncation from 'double' to 'GLfloat'
C:\Users\yenes\source\repos\Project_ERD\Source.cpp(335,20): warning C4305: 'argument': truncation from 'double' to 'GLfloat'
C:\Users\yenes\source\repos\Project_ERD\Source.cpp(338,20): warning C4305: 'argument': truncation from 'double' to 'GLfloat'
C:\Users\yenes\source\repos\Project_ERD\Source.cpp(343,22): warning C4305: 'argument': truncation from 'double' to 'GLfloat'
C:\Users\yenes\source\repos\Project_ERD\Source.cpp(345,20): warning C4305: 'argument': truncation from 'double' to 'GLfloat'
C:\Users\yenes\source\repos\Project_ERD\Source.cpp(346,22): warning C4305: 'argument': truncation from 'double' to 'GLfloat'
C:\Users\yenes\source\repos\Project_ERD\Source.cpp(350,22): warning C4305: 'argument': truncation from 'double' to 'GLfloat'
C:\Users\yenes\source\repos\Project_ERD\Source.cpp(351,20): warning C4305: 'argument': truncation from 'double' to 'GLfloat'
C:\Users\yenes\source\repos\Project_ERD\Source.cpp(352,20): warning C4305: 'argument': truncation from 'double' to 'GLfloat'
C:\Users\yenes\source\repos\Project_ERD\Source.cpp(353,22): warning C4305: 'argument': truncation from 'double' to 'GLfloat'
C:\Users\yenes\source\repos\Project_ERD\Source.cpp(361,22): warning C4305: 'argument': truncation from 'double' to 'GLfloat'
C:\Users\yenes\source\repos\Project_ERD\Source.cpp(371,25): warning C4305: 'argument': truncation from 'double' to 'GLfloat'
C:\Users\yenes\source\repos\Project_ERD\Source.cpp(372,22): warning C4305: 'argument': truncation from 'double' to 'GLfloat'
C:\Users\yenes\source\repos\Project_ERD\Source.cpp(375,21): warning C4305: 'argument': truncation from 'double' to 'GLfloat'
C:\Users\yenes\source\repos\Project_ERD\Source.cpp(376,21): warning C4305: 'argument': truncation from 'double' to 'GLfloat'
C:\Users\yenes\source\repos\Project_ERD\Source.cpp(377,21): warning C4305: 'argument': truncation from 'double' to 'GLfloat'
C:\Users\yenes\source\repos\Project_ERD\Source.cpp(379,24): warning C4305: 'argument': truncation from 'double' to 'GLfloat'
C:\Users\yenes\source\repos\Project_ERD\Source.cpp(380,24): warning C4305: 'argument': truncation from 'double' to 'GLfloat'
C:\Users\yenes\source\repos\Project_ERD\Source.cpp(381,22): warning C4305: 'argument': truncation from 'double' to 'GLfloat'
C:\Users\yenes\source\repos\Project_ERD\Source.cpp(382,24): warning C4305: 'argument': truncation from 'double' to 'GLfloat'
C:\Users\yenes\source\repos\Project_ERD\Source.cpp(383,24): warning C4305: 'argument': truncation from 'double' to 'GLfloat'
C:\Users\yenes\source\repos\Project_ERD\Source.cpp(384,23): warning C4305: 'argument': truncation from 'double' to 'GLfloat'
C:\Users\yenes\source\repos\Project_ERD\Source.cpp(387,24): warning C4305: 'argument': truncation from 'double' to 'GLfloat'
C:\Users\yenes\source\repos\Project_ERD\Source.cpp(388,24): warning C4305: 'argument': truncation from 'double' to 'GLfloat'
C:\Users\yenes\source\repos\Project_ERD\Source.cpp(389,22): warning C4305: 'argument': truncation from 'double' to 'GLfloat'
C:\Users\yenes\source\repos\Project_ERD\Source.cpp(390,24): warning C4305: 'argument': truncation from 'double' to 'GLfloat'
C:\Users\yenes\source\repos\Project_ERD\Source.cpp(391,24): warning C4305: 'argument': truncation from 'double' to 'GLfloat'
C:\Users\yenes\source\repos\Project_ERD\Source.cpp(392,25): warning C4305: 'argument': truncation from 'double' to 'GLfloat'
C:\Users\yenes\source\repos\Project_ERD\Source.cpp(395,24): warning C4305: 'argument': truncation from 'double' to 'GLfloat'
C:\Users\yenes\source\repos\Project_ERD\Source.cpp(396,24): warning C4305: 'argument': truncation from 'double' to 'GLfloat'
C:\Users\yenes\source\repos\Project_ERD\Source.cpp(397,22): warning C4305: 'argument': truncation from 'double' to 'GLfloat'
C:\Users\yenes\source\repos\Project_ERD\Source.cpp(398,24): warning C4305: 'argument': truncation from 'double' to 'GLfloat'
C:\Users\yenes\source\repos\Project_ERD\Source.cpp(399,25): warning C4305: 'argument': truncation from 'double' to 'GLfloat'
C:\Users\yenes\source\repos\Project_ERD\Source.cpp(400,25): warning C4305: 'argument': truncation from 'double' to 'GLfloat'
C:\Users\yenes\source\repos\Project_ERD\Source.cpp(402,24): warning C4305: 'argument': truncation from 'double' to 'GLfloat'
C:\Users\yenes\source\repos\Project_ERD\Source.cpp(403,24): warning C4305: 'argument': truncation from 'double' to 'GLfloat'
C:\Users\yenes\source\repos\Project_ERD\Source.cpp(404,22): warning C4305: 'argument': truncation from 'double' to 'GLfloat'
C:\Users\yenes\source\repos\Project_ERD\Source.cpp(405,24): warning C4305: 'argument': truncation from 'double' to 'GLfloat'
C:\Users\yenes\source\repos\Project_ERD\Source.cpp(406,25): warning C4305: 'argument': truncation from 'double' to 'GLfloat'
C:\Users\yenes\source\repos\Project_ERD\Source.cpp(407,25): warning C4305: 'argument': truncation from 'double' to 'GLfloat'
C:\Users\yenes\source\repos\Project_ERD\Source.cpp(409,24): warning C4305: 'argument': truncation from 'double' to 'GLfloat'
C:\Users\yenes\source\repos\Project_ERD\Source.cpp(412,25): warning C4305: 'argument': truncation from 'double' to 'GLfloat'
C:\Users\yenes\source\repos\Project_ERD\Source.cpp(413,25): warning C4305: 'argument': truncation from 'double' to 'GLfloat'
C:\Users\yenes\source\repos\Project_ERD\Source.cpp(414,25): warning C4305: 'argument': truncation from 'double' to 'GLfloat'
C:\Users\yenes\source\repos\Project_ERD\Source.cpp(416,24): warning C4305: 'argument': truncation from 'double' to 'GLfloat'
C:\Users\yenes\source\repos\Project_ERD\Source.cpp(417,24): warning C4305: 'argument': truncation from 'double' to 'GLfloat'
C:\Users\yenes\source\repos\Project_ERD\Source.cpp(418,23): warning C4305: 'argument': truncation from 'double' to 'GLfloat'
C:\Users\yenes\source\repos\Project_ERD\Source.cpp(419,25): warning C4305: 'argument': truncation from 'double' to 'GLfloat'
C:\Users\yenes\source\repos\Project_ERD\Source.cpp(420,25): warning C4305: 'argument': truncation from 'double' to 'GLfloat'
C:\Users\yenes\source\repos\Project_ERD\Source.cpp(421,25): warning C4305: 'argument': truncation from 'double' to 'GLfloat'
C:\Users\yenes\source\repos\Project_ERD\Source.cpp(423,24): warning C4305: 'argument': truncation from 'double' to 'GLfloat'
C:\Users\yenes\source\repos\Project_ERD\Source.cpp(424,24): warning C4305: 'argument': truncation from 'double' to 'GLfloat'
C:\Users\yenes\source\repos\Project_ERD\Source.cpp(425,23): warning C4305: 'argument': truncation from 'double' to 'GLfloat'
C:\Users\yenes\source\repos\Project_ERD\Source.cpp(426,25): warning C4305: 'argument': truncation from 'double' to 'GLfloat'
C:\Users\yenes\source\repos\Project_ERD\Source.cpp(427,25): warning C4305: 'argument': truncation from 'double' to 'GLfloat'
C:\Users\yenes\source\repos\Project_ERD\Source.cpp(428,25): warning C4305: 'argument': truncation from 'double' to 'GLfloat'
C:\Users\yenes\source\repos\Project_ERD\Source.cpp(430,24): warning C4305: 'argument': truncation from 'double' to 'GLfloat'
C:\Users\yenes\source\repos\Project_ERD\Source.cpp(431,25): warning C4305: 'argument': truncation from 'double' to 'GLfloat'
C:\Users\yenes\source\repos\Project_ERD\Source.cpp(432,23): warning C4305: 'argument': truncation from 'double' to 'GLfloat'
C:\Users\yenes\source\repos\Project_ERD\Source.cpp(433,25): warning C4305: 'argument': truncation from 'double' to 'GLfloat'
C:\Users\yenes\source\repos\Project_ERD\Source.cpp(434,25): warning C4305: 'argument': truncation from 'double' to 'GLfloat'
C:\Users\yenes\source\repos\Project_ERD\Source.cpp(435,25): warning C4305: 'argument': truncation from 'double' to 'GLfloat'
C:\Users\yenes\source\repos\Project_ERD\Source.cpp(437,25): warning C4305: 'argument': truncation from 'double' to 'GLfloat'
C:\Users\yenes\source\repos\Project_ERD\Source.cpp(438,25): warning C4305: 'argument': truncation from 'double' to 'GLfloat'
C:\Users\yenes\source\repos\Project_ERD\Source.cpp(439,23): warning C4305: 'argument': truncation from 'double' to 'GLfloat'
C:\Users\yenes\source\repos\Project_ERD\Source.cpp(440,25): warning C4305: 'argument': truncation from 'double' to 'GLfloat'
C:\Users\yenes\source\repos\Project_ERD\Source.cpp(441,25): warning C4305: 'argument': truncation from 'double' to 'GLfloat'
C:\Users\yenes\source\repos\Project_ERD\Source.cpp(442,25): warning C4305: 'argument': truncation from 'double' to 'GLfloat'
C:\Users\yenes\source\repos\Project_ERD\Source.cpp(453,25): warning C4305: 'argument': truncation from 'double' to 'GLfloat'
C:\Users\yenes\source\repos\Project_ERD\Source.cpp(454,22): warning C4305: 'argument': truncation from 'double' to 'GLfloat'
C:\Users\yenes\source\repos\Project_ERD\Source.cpp(457,21): warning C4305: 'argument': truncation from 'double' to 'GLfloat'
C:\Users\yenes\source\repos\Project_ERD\Source.cpp(458,21): warning C4305: 'argument': truncation from 'double' to 'GLfloat'
C:\Users\yenes\source\repos\Project_ERD\Source.cpp(459,21): warning C4305: 'argument': truncation from 'double' to 'GLfloat'
C:\Users\yenes\source\repos\Project_ERD\Source.cpp(461,24): warning C4305: 'argument': truncation from 'double' to 'GLfloat'
C:\Users\yenes\source\repos\Project_ERD\Source.cpp(462,24): warning C4305: 'argument': truncation from 'double' to 'GLfloat'
C:\Users\yenes\source\repos\Project_ERD\Source.cpp(463,22): warning C4305: 'argument': truncation from 'double' to 'GLfloat'
C:\Users\yenes\source\repos\Project_ERD\Source.cpp(464,24): warning C4305: 'argument': truncation from 'double' to 'GLfloat'
C:\Users\yenes\source\repos\Project_ERD\Source.cpp(465,24): warning C4305: 'argument': truncation from 'double' to 'GLfloat'
C:\Users\yenes\source\repos\Project_ERD\Source.cpp(466,23): warning C4305: 'argument': truncation from 'double' to 'GLfloat'
C:\Users\yenes\source\repos\Project_ERD\Source.cpp(469,24): warning C4305: 'argument': truncation from 'double' to 'GLfloat'
C:\Users\yenes\source\repos\Project_ERD\Source.cpp(470,24): warning C4305: 'argument': truncation from 'double' to 'GLfloat'
C:\Users\yenes\source\repos\Project_ERD\Source.cpp(471,22): warning C4305: 'argument': truncation from 'double' to 'GLfloat'
C:\Users\yenes\source\repos\Project_ERD\Source.cpp(472,24): warning C4305: 'argument': truncation from 'double' to 'GLfloat'
C:\Users\yenes\source\repos\Project_ERD\Source.cpp(473,24): warning C4305: 'argument': truncation from 'double' to 'GLfloat'
C:\Users\yenes\source\repos\Project_ERD\Source.cpp(474,25): warning C4305: 'argument': truncation from 'double' to 'GLfloat'
C:\Users\yenes\source\repos\Project_ERD\Source.cpp(477,24): warning C4305: 'argument': truncation from 'double' to 'GLfloat'
C:\Users\yenes\source\repos\Project_ERD\Source.cpp(478,24): warning C4305: 'argument': truncation from 'double' to 'GLfloat'
C:\Users\yenes\source\repos\Project_ERD\Source.cpp(479,22): warning C4305: 'argument': truncation from 'double' to 'GLfloat'
C:\Users\yenes\source\repos\Project_ERD\Source.cpp(480,24): warning C4305: 'argument': truncation from 'double' to 'GLfloat'
C:\Users\yenes\source\repos\Project_ERD\Source.cpp(481,25): warning C4305: 'argument': truncation from 'double' to 'GLfloat'
C:\Users\yenes\source\repos\Project_ERD\Source.cpp(482,25): warning C4305: 'argument': truncation from 'double' to 'GLfloat'
C:\Users\yenes\source\repos\Project_ERD\Source.cpp(484,24): warning C4305: 'argument': truncation from 'double' to 'GLfloat'
C:\Users\yenes\source\repos\Project_ERD\Source.cpp(485,24): warning C4305: 'argument': truncation from 'double' to 'GLfloat'
C:\Users\yenes\source\repos\Project_ERD\Source.cpp(486,22): warning C4305: 'argument': truncation from 'double' to 'GLfloat'
C:\Users\yenes\source\repos\Project_ERD\Source.cpp(487,24): warning C4305: 'argument': truncation from 'double' to 'GLfloat'
C:\Users\yenes\source\repos\Project_ERD\Source.cpp(488,25): warning C4305: 'argument': truncation from 'double' to 'GLfloat'
C:\Users\yenes\source\repos\Project_ERD\Source.cpp(489,25): warning C4305: 'argument': truncation from 'double' to 'GLfloat'
C:\Users\yenes\source\repos\Project_ERD\Source.cpp(491,24): warning C4305: 'argument': truncation from 'double' to 'GLfloat'
C:\Users\yenes\source\repos\Project_ERD\Source.cpp(494,25): warning C4305: 'argument': truncation from 'double' to 'GLfloat'
C:\Users\yenes\source\repos\Project_ERD\Source.cpp(495,25): warning C4305: 'argument': truncation from 'double' to 'GLfloat'
C:\Users\yenes\source\repos\Project_ERD\Source.cpp(496,25): warning C4305: 'argument': truncation from 'double' to 'GLfloat'
C:\Users\yenes\source\repos\Project_ERD\Source.cpp(498,24): warning C4305: 'argument': truncation from 'double' to 'GLfloat'
C:\Users\yenes\source\repos\Project_ERD\Source.cpp(499,24): warning C4305: 'argument': truncation from 'double' to 'GLfloat'
C:\Users\yenes\source\repos\Project_ERD\Source.cpp(500,23): warning C4305: 'argument': truncation from 'double' to 'GLfloat'
C:\Users\yenes\source\repos\Project_ERD\Source.cpp(501,25): warning C4305: 'argument': truncation from 'double' to 'GLfloat'
C:\Users\yenes\source\repos\Project_ERD\Source.cpp(502,25): warning C4305: 'argument': truncation from 'double' to 'GLfloat'
C:\Users\yenes\source\repos\Project_ERD\Source.cpp(503,25): warning C4305: 'argument': truncation from 'double' to 'GLfloat'
C:\Users\yenes\source\repos\Project_ERD\Source.cpp(505,24): warning C4305: 'argument': truncation from 'double' to 'GLfloat'
C:\Users\yenes\source\repos\Project_ERD\Source.cpp(506,24): warning C4305: 'argument': truncation from 'double' to 'GLfloat'
C:\Users\yenes\source\repos\Project_ERD\Source.cpp(507,23): warning C4305: 'argument': truncation from 'double' to 'GLfloat'
C:\Users\yenes\source\repos\Project_ERD\Source.cpp(508,25): warning C4305: 'argument': truncation from 'double' to 'GLfloat'
C:\Users\yenes\source\repos\Project_ERD\Source.cpp(509,25): warning C4305: 'argument': truncation from 'double' to 'GLfloat'
C:\Users\yenes\source\repos\Project_ERD\Source.cpp(510,25): warning C4305: 'argument': truncation from 'double' to 'GLfloat'
C:\Users\yenes\source\repos\Project_ERD\Source.cpp(512,24): warning C4305: 'argument': truncation from 'double' to 'GLfloat'
C:\Users\yenes\source\repos\Project_ERD\Source.cpp(513,25): warning C4305: 'argument': truncation from 'double' to 'GLfloat'
C:\Users\yenes\source\repos\Project_ERD\Source.cpp(514,23): warning C4305: 'argument': truncation from 'double' to 'GLfloat'
C:\Users\yenes\source\repos\Project_ERD\Source.cpp(515,25): warning C4305: 'argument': truncation from 'double' to 'GLfloat'
C:\Users\yenes\source\repos\Project_ERD\Source.cpp(516,25): warning C4305: 'argument': truncation from 'double' to 'GLfloat'
C:\Users\yenes\source\repos\Project_ERD\Source.cpp(517,25): warning C4305: 'argument': truncation from 'double' to 'GLfloat'
C:\Users\yenes\source\repos\Project_ERD\Source.cpp(519,25): warning C4305: 'argument': truncation from 'double' to 'GLfloat'
C:\Users\yenes\source\repos\Project_ERD\Source.cpp(520,25): warning C4305: 'argument': truncation from 'double' to 'GLfloat'
C:\Users\yenes\source\repos\Project_ERD\Source.cpp(521,23): warning C4305: 'argument': truncation from 'double' to 'GLfloat'
C:\Users\yenes\source\repos\Project_ERD\Source.cpp(522,25): warning C4305: 'argument': truncation from 'double' to 'GLfloat'
C:\Users\yenes\source\repos\Project_ERD\Source.cpp(523,25): warning C4305: 'argument': truncation from 'double' to 'GLfloat'
C:\Users\yenes\source\repos\Project_ERD\Source.cpp(524,25): warning C4305: 'argument': truncation from 'double' to 'GLfloat'
C:\Users\yenes\source\repos\Project_ERD\Source.cpp(539,23): warning C4305: 'argument': truncation from 'double' to 'GLfloat'
C:\Users\yenes\source\repos\Project_ERD\Source.cpp(542,21): warning C4305: 'argument': truncation from 'double' to 'GLfloat'
C:\Users\yenes\source\repos\Project_ERD\Source.cpp(557,20): warning C4305: 'argument': truncation from 'double' to 'GLfloat'
C:\Users\yenes\source\repos\Project_ERD\Source.cpp(558,22): warning C4305: 'argument': truncation from 'double' to 'GLfloat'
C:\Users\yenes\source\repos\Project_ERD\Source.cpp(560,20): warning C4305: 'argument': truncation from 'double' to 'GLfloat'
C:\Users\yenes\source\repos\Project_ERD\Source.cpp(561,22): warning C4305: 'argument': truncation from 'double' to 'GLfloat'
C:\Users\yenes\source\repos\Project_ERD\Source.cpp(563,20): warning C4305: 'argument': truncation from 'double' to 'GLfloat'
C:\Users\yenes\source\repos\Project_ERD\Source.cpp(564,23): warning C4305: 'argument': truncation from 'double' to 'GLfloat'
C:\Users\yenes\source\repos\Project_ERD\Source.cpp(566,20): warning C4305: 'argument': truncation from 'double' to 'GLfloat'
C:\Users\yenes\source\repos\Project_ERD\Source.cpp(567,21): warning C4305: 'argument': truncation from 'double' to 'GLfloat'
C:\Users\yenes\source\repos\Project_ERD\Source.cpp(584,22): warning C4305: 'argument': truncation from 'double' to 'GLfloat'
C:\Users\yenes\source\repos\Project_ERD\Source.cpp(589,21): warning C4305: 'argument': truncation from 'double' to 'GLfloat'
C:\Users\yenes\source\repos\Project_ERD\Source.cpp(590,23): warning C4305: 'argument': truncation from 'double' to 'GLfloat'
C:\Users\yenes\source\repos\Project_ERD\Source.cpp(595,22): warning C4305: 'argument': truncation from 'double' to 'GLfloat'
C:\Users\yenes\source\repos\Project_ERD\Source.cpp(596,25): warning C4305: 'argument': truncation from 'double' to 'GLfloat'
C:\Users\yenes\source\repos\Project_ERD\Source.cpp(598,22): warning C4305: 'argument': truncation from 'double' to 'GLfloat'
C:\Users\yenes\source\repos\Project_ERD\Source.cpp(599,24): warning C4305: 'argument': truncation from 'double' to 'GLfloat'
C:\Users\yenes\source\repos\Project_ERD\Source.cpp(605,22): warning C4305: 'argument': truncation from 'double' to 'GLfloat'
C:\Users\yenes\source\repos\Project_ERD\Source.cpp(606,22): warning C4305: 'argument': truncation from 'double' to 'GLfloat'
C:\Users\yenes\source\repos\Project_ERD\Source.cpp(608,22): warning C4305: 'argument': truncation from 'double' to 'GLfloat'
C:\Users\yenes\source\repos\Project_ERD\Source.cpp(609,23): warning C4305: 'argument': truncation from 'double' to 'GLfloat'
C:\Users\yenes\source\repos\Project_ERD\Source.cpp(611,22): warning C4305: 'argument': truncation from 'double' to 'GLfloat'
C:\Users\yenes\source\repos\Project_ERD\Source.cpp(612,22): warning C4305: 'argument': truncation from 'double' to 'GLfloat'
C:\Users\yenes\source\repos\Project_ERD\Source.cpp(614,22): warning C4305: 'argument': truncation from 'double' to 'GLfloat'
C:\Users\yenes\source\repos\Project_ERD\Source.cpp(615,22): warning C4305: 'argument': truncation from 'double' to 'GLfloat'
C:\Users\yenes\source\repos\Project_ERD\Source.cpp(628,23): warning C4305: 'argument': truncation from 'double' to 'GLfloat'
C:\Users\yenes\source\repos\Project_ERD\Source.cpp(631,22): warning C4305: 'argument': truncation from 'double' to 'GLfloat'
C:\Users\yenes\source\repos\Project_ERD\Source.cpp(634,22): warning C4305: 'argument': truncation from 'double' to 'GLfloat'
C:\Users\yenes\source\repos\Project_ERD\Source.cpp(643,19): warning C4305: 'argument': truncation from 'double' to 'GLfloat'
C:\Users\yenes\source\repos\Project_ERD\Source.cpp(644,21): warning C4305: 'argument': truncation from 'double' to 'GLfloat'
C:\Users\yenes\source\repos\Project_ERD\Source.cpp(645,21): warning C4305: 'argument': truncation from 'double' to 'GLfloat'
C:\Users\yenes\source\repos\Project_ERD\Source.cpp(646,19): warning C4305: 'argument': truncation from 'double' to 'GLfloat'
C:\Users\yenes\source\repos\Project_ERD\Source.cpp(648,22): warning C4305: 'argument': truncation from 'double' to 'GLfloat'
C:\Users\yenes\source\repos\Project_ERD\Source.cpp(649,21): warning C4305: 'argument': truncation from 'double' to 'GLfloat'
C:\Users\yenes\source\repos\Project_ERD\Source.cpp(650,22): warning C4305: 'argument': truncation from 'double' to 'GLfloat'
C:\Users\yenes\source\repos\Project_ERD\Source.cpp(651,21): warning C4305: 'argument': truncation from 'double' to 'GLfloat'
C:\Users\yenes\source\repos\Project_ERD\Source.cpp(654,20): warning C4305: 'argument': truncation from 'double' to 'GLfloat'
C:\Users\yenes\source\repos\Project_ERD\Source.cpp(655,22): warning C4305: 'argument': truncation from 'double' to 'GLfloat'
C:\Users\yenes\source\repos\Project_ERD\Source.cpp(656,22): warning C4305: 'argument': truncation from 'double' to 'GLfloat'
C:\Users\yenes\source\repos\Project_ERD\Source.cpp(657,22): warning C4305: 'argument': truncation from 'double' to 'GLfloat'
C:\Users\yenes\source\repos\Project_ERD\Source.cpp(659,22): warning C4305: 'argument': truncation from 'double' to 'GLfloat'
C:\Users\yenes\source\repos\Project_ERD\Source.cpp(660,23): warning C4305: 'argument': truncation from 'double' to 'GLfloat'
C:\Users\yenes\source\repos\Project_ERD\Source.cpp(661,20): warning C4305: 'argument': truncation from 'double' to 'GLfloat'
C:\Users\yenes\source\repos\Project_ERD\Source.cpp(662,23): warning C4305: 'argument': truncation from 'double' to 'GLfloat'
C:\Users\yenes\source\repos\Project_ERD\Source.cpp(664,20): warning C4305: 'argument': truncation from 'double' to 'GLfloat'
C:\Users\yenes\source\repos\Project_ERD\Source.cpp(665,23): warning C4305: 'argument': truncation from 'double' to 'GLfloat'
C:\Users\yenes\source\repos\Project_ERD\Source.cpp(666,22): warning C4305: 'argument': truncation from 'double' to 'GLfloat'
C:\Users\yenes\source\repos\Project_ERD\Source.cpp(667,23): warning C4305: 'argument': truncation from 'double' to 'GLfloat'
C:\Users\yenes\source\repos\Project_ERD\Source.cpp(674,22): warning C4305: 'argument': truncation from 'double' to 'GLfloat'
C:\Users\yenes\source\repos\Project_ERD\Source.cpp(675,22): warning C4305: 'argument': truncation from 'double' to 'GLfloat'
C:\Users\yenes\source\repos\Project_ERD\Source.cpp(676,22): warning C4305: 'argument': truncation from 'double' to 'GLfloat'
C:\Users\yenes\source\repos\Project_ERD\Source.cpp(678,22): warning C4305: 'argument': truncation from 'double' to 'GLfloat'
C:\Users\yenes\source\repos\Project_ERD\Source.cpp(679,22): warning C4305: 'argument': truncation from 'double' to 'GLfloat'
C:\Users\yenes\source\repos\Project_ERD\Source.cpp(680,22): warning C4305: 'argument': truncation from 'double' to 'GLfloat'
C:\Users\yenes\source\repos\Project_ERD\Source.cpp(681,22): warning C4305: 'argument': truncation from 'double' to 'GLfloat'
C:\Users\yenes\source\repos\Project_ERD\Source.cpp(685,22): warning C4305: 'argument': truncation from 'double' to 'GLfloat'
C:\Users\yenes\source\repos\Project_ERD\Source.cpp(686,22): warning C4305: 'argument': truncation from 'double' to 'GLfloat'
C:\Users\yenes\source\repos\Project_ERD\Source.cpp(687,22): warning C4305: 'argument': truncation from 'double' to 'GLfloat'
C:\Users\yenes\source\repos\Project_ERD\Source.cpp(689,23): warning C4305: 'argument': truncation from 'double' to 'GLfloat'
C:\Users\yenes\source\repos\Project_ERD\Source.cpp(690,21): warning C4305: 'argument': truncation from 'double' to 'GLfloat'
C:\Users\yenes\source\repos\Project_ERD\Source.cpp(691,23): warning C4305: 'argument': truncation from 'double' to 'GLfloat'
C:\Users\yenes\source\repos\Project_ERD\Source.cpp(692,23): warning C4305: 'argument': truncation from 'double' to 'GLfloat'
C:\Users\yenes\source\repos\Project_ERD\Source.cpp(694,21): warning C4305: 'argument': truncation from 'double' to 'GLfloat'
C:\Users\yenes\source\repos\Project_ERD\Source.cpp(695,23): warning C4305: 'argument': truncation from 'double' to 'GLfloat'
C:\Users\yenes\source\repos\Project_ERD\Source.cpp(696,23): warning C4305: 'argument': truncation from 'double' to 'GLfloat'
C:\Users\yenes\source\repos\Project_ERD\Source.cpp(697,23): warning C4305: 'argument': truncation from 'double' to 'GLfloat'
C:\Users\yenes\source\repos\Project_ERD\Source.cpp(702,24): warning C4305: 'argument': truncation from 'double' to 'GLfloat'
C:\Users\yenes\source\repos\Project_ERD\Source.cpp(703,23): warning C4305: 'argument': truncation from 'double' to 'GLfloat'
C:\Users\yenes\source\repos\Project_ERD\Source.cpp(704,22): warning C4305: 'argument': truncation from 'double' to 'GLfloat'
C:\Users\yenes\source\repos\Project_ERD\Source.cpp(705,23): warning C4305: 'argument': truncation from 'double' to 'GLfloat'
C:\Users\yenes\source\repos\Project_ERD\Source.cpp(707,23): warning C4305: 'argument': truncation from 'double' to 'GLfloat'
C:\Users\yenes\source\repos\Project_ERD\Source.cpp(708,23): warning C4305: 'argument': truncation from 'double' to 'GLfloat'
C:\Users\yenes\source\repos\Project_ERD\Source.cpp(709,23): warning C4305: 'argument': truncation from 'double' to 'GLfloat'
C:\Users\yenes\source\repos\Project_ERD\Source.cpp(710,23): warning C4305: 'argument': truncation from 'double' to 'GLfloat'
C:\Users\yenes\source\repos\Project_ERD\Source.cpp(712,23): warning C4305: 'argument': truncation from 'double' to 'GLfloat'
C:\Users\yenes\source\repos\Project_ERD\Source.cpp(713,22): warning C4305: 'argument': truncation from 'double' to 'GLfloat'
C:\Users\yenes\source\repos\Project_ERD\Source.cpp(715,22): warning C4305: 'argument': truncation from 'double' to 'GLfloat'
C:\Users\yenes\source\repos\Project_ERD\Source.cpp(717,22): warning C4305: 'argument': truncation from 'double' to 'GLfloat'
C:\Users\yenes\source\repos\Project_ERD\Source.cpp(718,22): warning C4305: 'argument': truncation from 'double' to 'GLfloat'
C:\Users\yenes\source\repos\Project_ERD\Source.cpp(719,22): warning C4305: 'argument': truncation from 'double' to 'GLfloat'
C:\Users\yenes\source\repos\Project_ERD\Source.cpp(720,22): warning C4305: 'argument': truncation from 'double' to 'GLfloat'
C:\Users\yenes\source\repos\Project_ERD\Source.cpp(722,22): warning C4305: 'argument': truncation from 'double' to 'GLfloat'
C:\Users\yenes\source\repos\Project_ERD\Source.cpp(723,22): warning C4305: 'argument': truncation from 'double' to 'GLfloat'
C:\Users\yenes\source\repos\Project_ERD\Source.cpp(724,20): warning C4305: 'argument': truncation from 'double' to 'GLfloat'
C:\Users\yenes\source\repos\Project_ERD\Source.cpp(725,22): warning C4305: 'argument': truncation from 'double' to 'GLfloat'
C:\Users\yenes\source\repos\Project_ERD\Source.cpp(730,23): warning C4305: 'argument': truncation from 'double' to 'GLfloat'
C:\Users\yenes\source\repos\Project_ERD\Source.cpp(731,23): warning C4305: 'argument': truncation from 'double' to 'GLfloat'
C:\Users\yenes\source\repos\Project_ERD\Source.cpp(733,23): warning C4305: 'argument': truncation from 'double' to 'GLfloat'
C:\Users\yenes\source\repos\Project_ERD\Source.cpp(735,23): warning C4305: 'argument': truncation from 'double' to 'GLfloat'
C:\Users\yenes\source\repos\Project_ERD\Source.cpp(736,23): warning C4305: 'argument': truncation from 'double' to 'GLfloat'
C:\Users\yenes\source\repos\Project_ERD\Source.cpp(737,23): warning C4305: 'argument': truncation from 'double' to 'GLfloat'
C:\Users\yenes\source\repos\Project_ERD\Source.cpp(738,23): warning C4305: 'argument': truncation from 'double' to 'GLfloat'
C:\Users\yenes\source\repos\Project_ERD\Source.cpp(741,23): warning C4305: 'argument': truncation from 'double' to 'GLfloat'
C:\Users\yenes\source\repos\Project_ERD\Source.cpp(742,23): warning C4305: 'argument': truncation from 'double' to 'GLfloat'
C:\Users\yenes\source\repos\Project_ERD\Source.cpp(744,23): warning C4305: 'argument': truncation from 'double' to 'GLfloat'
C:\Users\yenes\source\repos\Project_ERD\Source.cpp(746,22): warning C4305: 'argument': truncation from 'double' to 'GLfloat'
C:\Users\yenes\source\repos\Project_ERD\Source.cpp(747,22): warning C4305: 'argument': truncation from 'double' to 'GLfloat'
C:\Users\yenes\source\repos\Project_ERD\Source.cpp(748,22): warning C4305: 'argument': truncation from 'double' to 'GLfloat'
C:\Users\yenes\source\repos\Project_ERD\Source.cpp(749,20): warning C4305: 'argument': truncation from 'double' to 'GLfloat'
C:\Users\yenes\source\repos\Project_ERD\Source.cpp(751,20): warning C4305: 'argument': truncation from 'double' to 'GLfloat'
C:\Users\yenes\source\repos\Project_ERD\Source.cpp(752,22): warning C4305: 'argument': truncation from 'double' to 'GLfloat'
C:\Users\yenes\source\repos\Project_ERD\Source.cpp(753,20): warning C4305: 'argument': truncation from 'double' to 'GLfloat'
C:\Users\yenes\source\repos\Project_ERD\Source.cpp(754,22): warning C4305: 'argument': truncation from 'double' to 'GLfloat'
C:\Users\yenes\source\repos\Project_ERD\Source.cpp(759,22): warning C4305: 'argument': truncation from 'double' to 'GLfloat'
C:\Users\yenes\source\repos\Project_ERD\Source.cpp(760,20): warning C4305: 'argument': truncation from 'double' to 'GLfloat'
C:\Users\yenes\source\repos\Project_ERD\Source.cpp(762,22): warning C4305: 'argument': truncation from 'double' to 'GLfloat'
C:\Users\yenes\source\repos\Project_ERD\Source.cpp(763,22): warning C4305: 'argument': truncation from 'double' to 'GLfloat'
C:\Users\yenes\source\repos\Project_ERD\Source.cpp(776,23): warning C4305: 'argument': truncation from 'double' to 'GLfloat'
C:\Users\yenes\source\repos\Project_ERD\Source.cpp(777,23): warning C4305: 'argument': truncation from 'double' to 'GLfloat'
C:\Users\yenes\source\repos\Project_ERD\Source.cpp(778,22): warning C4305: 'argument': truncation from 'double' to 'GLfloat'
C:\Users\yenes\source\repos\Project_ERD\Source.cpp(779,22): warning C4305: 'argument': truncation from 'double' to 'GLfloat'
C:\Users\yenes\source\repos\Project_ERD\Source.cpp(783,21): warning C4305: 'argument': truncation from 'double' to 'GLfloat'
C:\Users\yenes\source\repos\Project_ERD\Source.cpp(784,22): warning C4305: 'argument': truncation from 'double' to 'GLfloat'
C:\Users\yenes\source\repos\Project_ERD\Source.cpp(785,22): warning C4305: 'argument': truncation from 'double' to 'GLfloat'
C:\Users\yenes\source\repos\Project_ERD\Source.cpp(786,22): warning C4305: 'argument': truncation from 'double' to 'GLfloat'
C:\Users\yenes\source\repos\Project_ERD\Source.cpp(787,22): warning C4305: 'argument': truncation from 'double' to 'GLfloat'
C:\Users\yenes\source\repos\Project_ERD\Source.cpp(798,25): warning C4305: 'argument': truncation from 'double' to 'GLfloat'
C:\Users\yenes\source\repos\Project_ERD\Source.cpp(808,21): warning C4305: 'argument': truncation from 'double' to 'GLfloat'
C:\Users\yenes\source\repos\Project_ERD\Source.cpp(809,21): warning C4305: 'argument': truncation from 'double' to 'GLfloat'
C:\Users\yenes\source\repos\Project_ERD\Source.cpp(813,21): warning C4305: 'argument': truncation from 'double' to 'GLfloat'
C:\Users\yenes\source\repos\Project_ERD\Source.cpp(814,22): warning C4305: 'argument': truncation from 'double' to 'GLfloat'
C:\Users\yenes\source\repos\Project_ERD\Source.cpp(820,22): warning C4305: 'argument': truncation from 'double' to 'GLfloat'
C:\Users\yenes\source\repos\Project_ERD\Source.cpp(825,23): warning C4305: 'argument': truncation from 'double' to 'GLfloat'
C:\Users\yenes\source\repos\Project_ERD\Source.cpp(832,22): warning C4305: 'argument': truncation from 'double' to 'GLfloat'
C:\Users\yenes\source\repos\Project_ERD\Source.cpp(834,21): warning C4305: 'argument': truncation from 'double' to 'GLfloat'
C:\Users\yenes\source\repos\Project_ERD\Source.cpp(835,25): warning C4305: 'argument': truncation from 'double' to 'GLfloat'
C:\Users\yenes\source\repos\Project_ERD\Source.cpp(836,21): warning C4305: 'argument': truncation from 'double' to 'GLfloat'
C:\Users\yenes\source\repos\Project_ERD\Source.cpp(839,22): warning C4305: 'argument': truncation from 'double' to 'GLfloat'
C:\Users\yenes\source\repos\Project_ERD\Source.cpp(841,22): warning C4305: 'argument': truncation from 'double' to 'GLfloat'
C:\Users\yenes\source\repos\Project_ERD\Source.cpp(842,25): warning C4305: 'argument': truncation from 'double' to 'GLfloat'
C:\Users\yenes\source\repos\Project_ERD\Source.cpp(843,21): warning C4305: 'argument': truncation from 'double' to 'GLfloat'
C:\Users\yenes\source\repos\Project_ERD\Source.cpp(846,21): warning C4305: 'argument': truncation from 'double' to 'GLfloat'
C:\Users\yenes\source\repos\Project_ERD\Source.cpp(848,21): warning C4305: 'argument': truncation from 'double' to 'GLfloat'
C:\Users\yenes\source\repos\Project_ERD\Source.cpp(849,25): warning C4305: 'argument': truncation from 'double' to 'GLfloat'
C:\Users\yenes\source\repos\Project_ERD\Source.cpp(850,21): warning C4305: 'argument': truncation from 'double' to 'GLfloat'
C:\Users\yenes\source\repos\Project_ERD\Source.cpp(853,23): warning C4305: 'argument': truncation from 'double' to 'GLfloat'
C:\Users\yenes\source\repos\Project_ERD\Source.cpp(855,22): warning C4305: 'argument': truncation from 'double' to 'GLfloat'
C:\Users\yenes\source\repos\Project_ERD\Source.cpp(856,25): warning C4305: 'argument': truncation from 'double' to 'GLfloat'
C:\Users\yenes\source\repos\Project_ERD\Source.cpp(857,22): warning C4305: 'argument': truncation from 'double' to 'GLfloat'
C:\Users\yenes\source\repos\Project_ERD\Source.cpp(860,22): warning C4305: 'argument': truncation from 'double' to 'GLfloat'
C:\Users\yenes\source\repos\Project_ERD\Source.cpp(862,21): warning C4305: 'argument': truncation from 'double' to 'GLfloat'
C:\Users\yenes\source\repos\Project_ERD\Source.cpp(863,25): warning C4305: 'argument': truncation from 'double' to 'GLfloat'
C:\Users\yenes\source\repos\Project_ERD\Source.cpp(864,22): warning C4305: 'argument': truncation from 'double' to 'GLfloat'
C:\Users\yenes\source\repos\Project_ERD\Source.cpp(947,22): warning C4305: 'argument': truncation from 'double' to 'GLfloat'
C:\Users\yenes\source\repos\Project_ERD\Source.cpp(949,22): warning C4305: 'argument': truncation from 'double' to 'GLfloat'
C:\Users\yenes\source\repos\Project_ERD\Source.cpp(950,22): warning C4305: 'argument': truncation from 'double' to 'GLfloat'
C:\Users\yenes\source\repos\Project_ERD\Source.cpp(959,20): warning C4305: 'argument': truncation from 'double' to 'GLfloat'
C:\Users\yenes\source\repos\Project_ERD\Source.cpp(960,25): warning C4305: 'argument': truncation from 'double' to 'GLfloat'
C:\Users\yenes\source\repos\Project_ERD\Source.cpp(964,22): warning C4305: 'argument': truncation from 'double' to 'GLfloat'
C:\Users\yenes\source\repos\Project_ERD\Source.cpp(965,21): warning C4305: 'argument': truncation from 'double' to 'GLfloat'
C:\Users\yenes\source\repos\Project_ERD\Source.cpp(966,22): warning C4305: 'argument': truncation from 'double' to 'GLfloat'
C:\Users\yenes\source\repos\Project_ERD\Source.cpp(967,23): warning C4305: 'argument': truncation from 'double' to 'GLfloat'
C:\Users\yenes\source\repos\Project_ERD\Source.cpp(971,25): warning C4305: 'argument': truncation from 'double' to 'GLfloat'
C:\Users\yenes\source\repos\Project_ERD\Source.cpp(973,30): warning C4305: 'argument': truncation from 'double' to 'GLfloat'
C:\Users\yenes\source\repos\Project_ERD\Source.cpp(978,29): warning C4305: 'argument': truncation from 'double' to 'GLfloat'
C:\Users\yenes\source\repos\Project_ERD\Source.cpp(983,25): warning C4305: 'argument': truncation from 'double' to 'GLfloat'
C:\Users\yenes\source\repos\Project_ERD\Source.cpp(985,22): warning C4305: 'argument': truncation from 'double' to 'GLfloat'
C:\Users\yenes\source\repos\Project_ERD\Source.cpp(986,21): warning C4305: 'argument': truncation from 'double' to 'GLfloat'
C:\Users\yenes\source\repos\Project_ERD\Source.cpp(987,21): warning C4305: 'argument': truncation from 'double' to 'GLfloat'
C:\Users\yenes\source\repos\Project_ERD\Source.cpp(988,22): warning C4305: 'argument': truncation from 'double' to 'GLfloat'
C:\Users\yenes\source\repos\Project_ERD\Source.cpp(992,25): warning C4305: 'argument': truncation from 'double' to 'GLfloat'
C:\Users\yenes\source\repos\Project_ERD\Source.cpp(994,29): warning C4305: 'argument': truncation from 'double' to 'GLfloat'
C:\Users\yenes\source\repos\Project_ERD\Source.cpp(999,28): warning C4305: 'argument': truncation from 'double' to 'GLfloat'
C:\Users\yenes\source\repos\Project_ERD\Source.cpp(1004,25): warning C4305: 'argument': truncation from 'double' to 'GLfloat'
C:\Users\yenes\source\repos\Project_ERD\Source.cpp(1006,22): warning C4305: 'argument': truncation from 'double' to 'GLfloat'
C:\Users\yenes\source\repos\Project_ERD\Source.cpp(1007,21): warning C4305: 'argument': truncation from 'double' to 'GLfloat'
C:\Users\yenes\source\repos\Project_ERD\Source.cpp(1008,21): warning C4305: 'argument': truncation from 'double' to 'GLfloat'
C:\Users\yenes\source\repos\Project_ERD\Source.cpp(1009,22): warning C4305: 'argument': truncation from 'double' to 'GLfloat'
C:\Users\yenes\source\repos\Project_ERD\Source.cpp(1018,19): warning C4305: 'argument': truncation from 'double' to 'GLfloat'
C:\Users\yenes\source\repos\Project_ERD\Source.cpp(1028,25): warning C4305: 'argument': truncation from 'double' to 'GLfloat'
C:\Users\yenes\source\repos\Project_ERD\Source.cpp(1029,19): warning C4305: 'argument': truncation from 'double' to 'GLfloat'
C:\Users\yenes\source\repos\Project_ERD\Source.cpp(1030,19): warning C4305: 'argument': truncation from 'double' to 'GLfloat'
C:\Users\yenes\source\repos\Project_ERD\Source.cpp(1031,19): warning C4305: 'argument': truncation from 'double' to 'GLfloat'
C:\Users\yenes\source\repos\Project_ERD\Source.cpp(1032,19): warning C4305: 'argument': truncation from 'double' to 'GLfloat'
C:\Users\yenes\source\repos\Project_ERD\Source.cpp(1033,20): warning C4305: 'argument': truncation from 'double' to 'GLfloat'
C:\Users\yenes\source\repos\Project_ERD\Source.cpp(1034,20): warning C4305: 'argument': truncation from 'double' to 'GLfloat'
C:\Users\yenes\source\repos\Project_ERD\Source.cpp(1037,19): warning C4305: 'argument': truncation from 'double' to 'GLfloat'
C:\Users\yenes\source\repos\Project_ERD\Source.cpp(1038,19): warning C4305: 'argument': truncation from 'double' to 'GLfloat'
C:\Users\yenes\source\repos\Project_ERD\Source.cpp(1039,19): warning C4305: 'argument': truncation from 'double' to 'GLfloat'
C:\Users\yenes\source\repos\Project_ERD\Source.cpp(1040,19): warning C4305: 'argument': truncation from 'double' to 'GLfloat'
C:\Users\yenes\source\repos\Project_ERD\Source.cpp(1041,19): warning C4305: 'argument': truncation from 'double' to 'GLfloat'
C:\Users\yenes\source\repos\Project_ERD\Source.cpp(1042,19): warning C4305: 'argument': truncation from 'double' to 'GLfloat'
C:\Users\yenes\source\repos\Project_ERD\Source.cpp(1045,19): warning C4305: 'argument': truncation from 'double' to 'GLfloat'
C:\Users\yenes\source\repos\Project_ERD\Source.cpp(1046,19): warning C4305: 'argument': truncation from 'double' to 'GLfloat'
C:\Users\yenes\source\repos\Project_ERD\Source.cpp(1047,19): warning C4305: 'argument': truncation from 'double' to 'GLfloat'
C:\Users\yenes\source\repos\Project_ERD\Source.cpp(1048,19): warning C4305: 'argument': truncation from 'double' to 'GLfloat'
C:\Users\yenes\source\repos\Project_ERD\Source.cpp(1049,19): warning C4305: 'argument': truncation from 'double' to 'GLfloat'
C:\Users\yenes\source\repos\Project_ERD\Source.cpp(1050,19): warning C4305: 'argument': truncation from 'double' to 'GLfloat'
C:\Users\yenes\source\repos\Project_ERD\Source.cpp(1053,19): warning C4305: 'argument': truncation from 'double' to 'GLfloat'
C:\Users\yenes\source\repos\Project_ERD\Source.cpp(1054,19): warning C4305: 'argument': truncation from 'double' to 'GLfloat'
C:\Users\yenes\source\repos\Project_ERD\Source.cpp(1055,19): warning C4305: 'argument': truncation from 'double' to 'GLfloat'
C:\Users\yenes\source\repos\Project_ERD\Source.cpp(1056,19): warning C4305: 'argument': truncation from 'double' to 'GLfloat'
C:\Users\yenes\source\repos\Project_ERD\Source.cpp(1057,19): warning C4305: 'argument': truncation from 'double' to 'GLfloat'
C:\Users\yenes\source\repos\Project_ERD\Source.cpp(1058,20): warning C4305: 'argument': truncation from 'double' to 'GLfloat'
C:\Users\yenes\source\repos\Project_ERD\Source.cpp(1071,25): warning C4305: 'argument': truncation from 'double' to 'GLfloat'
C:\Users\yenes\source\repos\Project_ERD\Source.cpp(1072,19): warning C4305: 'argument': truncation from 'double' to 'GLfloat'
C:\Users\yenes\source\repos\Project_ERD\Source.cpp(1073,19): warning C4305: 'argument': truncation from 'double' to 'GLfloat'
C:\Users\yenes\source\repos\Project_ERD\Source.cpp(1074,19): warning C4305: 'argument': truncation from 'double' to 'GLfloat'
C:\Users\yenes\source\repos\Project_ERD\Source.cpp(1075,19): warning C4305: 'argument': truncation from 'double' to 'GLfloat'
C:\Users\yenes\source\repos\Project_ERD\Source.cpp(1076,20): warning C4305: 'argument': truncation from 'double' to 'GLfloat'
C:\Users\yenes\source\repos\Project_ERD\Source.cpp(1077,20): warning C4305: 'argument': truncation from 'double' to 'GLfloat'
C:\Users\yenes\source\repos\Project_ERD\Source.cpp(1080,19): warning C4305: 'argument': truncation from 'double' to 'GLfloat'
C:\Users\yenes\source\repos\Project_ERD\Source.cpp(1081,19): warning C4305: 'argument': truncation from 'double' to 'GLfloat'
C:\Users\yenes\source\repos\Project_ERD\Source.cpp(1082,19): warning C4305: 'argument': truncation from 'double' to 'GLfloat'
C:\Users\yenes\source\repos\Project_ERD\Source.cpp(1083,19): warning C4305: 'argument': truncation from 'double' to 'GLfloat'
C:\Users\yenes\source\repos\Project_ERD\Source.cpp(1084,19): warning C4305: 'argument': truncation from 'double' to 'GLfloat'
C:\Users\yenes\source\repos\Project_ERD\Source.cpp(1085,19): warning C4305: 'argument': truncation from 'double' to 'GLfloat'
C:\Users\yenes\source\repos\Project_ERD\Source.cpp(1088,19): warning C4305: 'argument': truncation from 'double' to 'GLfloat'
C:\Users\yenes\source\repos\Project_ERD\Source.cpp(1089,19): warning C4305: 'argument': truncation from 'double' to 'GLfloat'
C:\Users\yenes\source\repos\Project_ERD\Source.cpp(1090,19): warning C4305: 'argument': truncation from 'double' to 'GLfloat'
C:\Users\yenes\source\repos\Project_ERD\Source.cpp(1091,19): warning C4305: 'argument': truncation from 'double' to 'GLfloat'
C:\Users\yenes\source\repos\Project_ERD\Source.cpp(1092,19): warning C4305: 'argument': truncation from 'double' to 'GLfloat'
C:\Users\yenes\source\repos\Project_ERD\Source.cpp(1093,19): warning C4305: 'argument': truncation from 'double' to 'GLfloat'
C:\Users\yenes\source\repos\Project_ERD\Source.cpp(1096,19): warning C4305: 'argument': truncation from 'double' to 'GLfloat'
C:\Users\yenes\source\repos\Project_ERD\Source.cpp(1097,19): warning C4305: 'argument': truncation from 'double' to 'GLfloat'
C:\Users\yenes\source\repos\Project_ERD\Source.cpp(1098,19): warning C4305: 'argument': truncation from 'double' to 'GLfloat'
C:\Users\yenes\source\repos\Project_ERD\Source.cpp(1099,19): warning C4305: 'argument': truncation from 'double' to 'GLfloat'
C:\Users\yenes\source\repos\Project_ERD\Source.cpp(1100,19): warning C4305: 'argument': truncation from 'double' to 'GLfloat'
C:\Users\yenes\source\repos\Project_ERD\Source.cpp(1101,20): warning C4305: 'argument': truncation from 'double' to 'GLfloat'
C:\Users\yenes\source\repos\Project_ERD\Source.cpp(1150,21): warning C4305: 'argument': truncation from 'double' to 'GLfloat'
C:\Users\yenes\source\repos\Project_ERD\Source.cpp(1152,21): warning C4305: 'argument': truncation from 'double' to 'GLfloat'
C:\Users\yenes\source\repos\Project_ERD\Source.cpp(1153,21): warning C4305: 'argument': truncation from 'double' to 'GLfloat'
C:\Users\yenes\source\repos\Project_ERD\Source.cpp(1161,21): warning C4305: 'argument': truncation from 'double' to 'GLfloat'
C:\Users\yenes\source\repos\Project_ERD\Source.cpp(1162,21): warning C4305: 'argument': truncation from 'double' to 'GLfloat'
C:\Users\yenes\source\repos\Project_ERD\Source.cpp(1163,20): warning C4305: 'argument': truncation from 'double' to 'GLfloat'
C:\Users\yenes\source\repos\Project_ERD\Source.cpp(1164,22): warning C4305: 'argument': truncation from 'double' to 'GLfloat'
C:\Users\yenes\source\repos\Project_ERD\Source.cpp(1168,22): warning C4305: 'argument': truncation from 'double' to 'GLfloat'
C:\Users\yenes\source\repos\Project_ERD\Source.cpp(1169,20): warning C4305: 'argument': truncation from 'double' to 'GLfloat'
C:\Users\yenes\source\repos\Project_ERD\Source.cpp(1170,20): warning C4305: 'argument': truncation from 'double' to 'GLfloat'
C:\Users\yenes\source\repos\Project_ERD\Source.cpp(1171,22): warning C4305: 'argument': truncation from 'double' to 'GLfloat'
C:\Users\yenes\source\repos\Project_ERD\Source.cpp(1179,20): warning C4305: 'argument': truncation from 'double' to 'GLfloat'
C:\Users\yenes\source\repos\Project_ERD\Source.cpp(1180,21): warning C4305: 'argument': truncation from 'double' to 'GLfloat'
C:\Users\yenes\source\repos\Project_ERD\Source.cpp(1182,22): warning C4305: 'argument': truncation from 'double' to 'GLfloat'
C:\Users\yenes\source\repos\Project_ERD\Source.cpp(1183,21): warning C4305: 'argument': truncation from 'double' to 'GLfloat'
C:\Users\yenes\source\repos\Project_ERD\Source.cpp(1187,21): warning C4305: 'argument': truncation from 'double' to 'GLfloat'
C:\Users\yenes\source\repos\Project_ERD\Source.cpp(1188,22): warning C4305: 'argument': truncation from 'double' to 'GLfloat'
C:\Users\yenes\source\repos\Project_ERD\Source.cpp(1190,21): warning C4305: 'argument': truncation from 'double' to 'GLfloat'
C:\Users\yenes\source\repos\Project_ERD\Source.cpp(1191,22): warning C4305: 'argument': truncation from 'double' to 'GLfloat'
C:\Users\yenes\source\repos\Project_ERD\Source.cpp(1196,23): warning C4305: 'argument': truncation from 'double' to 'GLfloat'
C:\Users\yenes\source\repos\Project_ERD\Source.cpp(1199,23): warning C4305: 'argument': truncation from 'double' to 'GLfloat'
C:\Users\yenes\source\repos\Project_ERD\Source.cpp(1200,23): warning C4305: 'argument': truncation from 'double' to 'GLfloat'
C:\Users\yenes\source\repos\Project_ERD\Source.cpp(1202,23): warning C4305: 'argument': truncation from 'double' to 'GLfloat'
C:\Users\yenes\source\repos\Project_ERD\Source.cpp(1203,23): warning C4305: 'argument': truncation from 'double' to 'GLfloat'
C:\Users\yenes\source\repos\Project_ERD\Source.cpp(1205,22): warning C4305: 'argument': truncation from 'double' to 'GLfloat'
C:\Users\yenes\source\repos\Project_ERD\Source.cpp(1206,22): warning C4305: 'argument': truncation from 'double' to 'GLfloat'
C:\Users\yenes\source\repos\Project_ERD\Source.cpp(1208,22): warning C4305: 'argument': truncation from 'double' to 'GLfloat'
C:\Users\yenes\source\repos\Project_ERD\Source.cpp(1209,22): warning C4305: 'argument': truncation from 'double' to 'GLfloat'
C:\Users\yenes\source\repos\Project_ERD\Source.cpp(1236,15): warning C4305: '-=': truncation from 'double' to 'float'
C:\Users\yenes\source\repos\Project_ERD\Source.cpp(1237,16): warning C4305: '-=': truncation from 'double' to 'float'
C:\Users\yenes\source\repos\Project_ERD\Source.cpp(1252,15): warning C4305: '-=': truncation from 'double' to 'float'
C:\Users\yenes\source\repos\Project_ERD\Source.cpp(1253,15): warning C4305: '-=': truncation from 'double' to 'float'
  Project_ERD.vcxproj -> C:\Users\yenes\source\repos\Project_ERD\Debug\Project_ERD.exe
